<?xml version="1.0" encoding="UTF-8"?>
<testsuite name="org.springframework.oxm.jaxb.Jaxb2MarshallerTests" tests="22" skipped="0" failures="0" errors="0" timestamp="2019-08-23T15:47:04" hostname="XULANLAN" time="1.94">
  <properties/>
  <testcase name="unmarshalSaxSourceWithXmlOptions" classname="org.springframework.oxm.jaxb.Jaxb2MarshallerTests" time="0.234"/>
  <testcase name="marshalAWrappedObjectHoldingAnXmlElementDeclElement" classname="org.springframework.oxm.jaxb.Jaxb2MarshallerTests" time="0.283"/>
  <testcase name="marshalSAXResult" classname="org.springframework.oxm.jaxb.Jaxb2MarshallerTests" time="0.02"/>
  <testcase name="supportsContextPath" classname="org.springframework.oxm.jaxb.Jaxb2MarshallerTests" time="0.439"/>
  <testcase name="supportsXmlRootElement" classname="org.springframework.oxm.jaxb.Jaxb2MarshallerTests" time="0.015"/>
  <testcase name="marshalAttachments" classname="org.springframework.oxm.jaxb.Jaxb2MarshallerTests" time="0.082"/>
  <testcase name="lazyInit" classname="org.springframework.oxm.jaxb.Jaxb2MarshallerTests" time="0.034"/>
  <testcase name="properties" classname="org.springframework.oxm.jaxb.Jaxb2MarshallerTests" time="0.012"/>
  <testcase name="unmarshalStreamSourceWithXmlOptions" classname="org.springframework.oxm.jaxb.Jaxb2MarshallerTests" time="0.007"/>
  <testcase name="supportsPackagesToScan" classname="org.springframework.oxm.jaxb.Jaxb2MarshallerTests" time="0.146"/>
  <testcase name="marshalInvalidClass" classname="org.springframework.oxm.jaxb.Jaxb2MarshallerTests" time="0.033"/>
  <testcase name="testInvalidContextPath" classname="org.springframework.oxm.jaxb.Jaxb2MarshallerTests" time="0.039"/>
  <testcase name="noContextPathOrClassesToBeBound" classname="org.springframework.oxm.jaxb.Jaxb2MarshallerTests" time="0.009"/>
  <testcase name="supportsClassesToBeBound" classname="org.springframework.oxm.jaxb.Jaxb2MarshallerTests" time="0.177"/>
  <testcase name="marshalStreamResultOutputStream" classname="org.springframework.oxm.jaxb.Jaxb2MarshallerTests" time="0.065"/>
  <testcase name="marshalStaxResultEventWriter" classname="org.springframework.oxm.jaxb.Jaxb2MarshallerTests" time="0.062"/>
  <testcase name="marshalEmptyDOMResult" classname="org.springframework.oxm.jaxb.Jaxb2MarshallerTests" time="0.033"/>
  <testcase name="marshalStreamResultWriter" classname="org.springframework.oxm.jaxb.Jaxb2MarshallerTests" time="0.057"/>
  <testcase name="marshalDOMResult" classname="org.springframework.oxm.jaxb.Jaxb2MarshallerTests" time="0.026"/>
  <testcase name="marshalJaxp14StaxResultEventWriter" classname="org.springframework.oxm.jaxb.Jaxb2MarshallerTests" time="0.052"/>
  <testcase name="marshalStaxResultStreamWriter" classname="org.springframework.oxm.jaxb.Jaxb2MarshallerTests" time="0.053"/>
  <testcase name="marshalJaxp14StaxResultStreamWriter" classname="org.springframework.oxm.jaxb.Jaxb2MarshallerTests" time="0.051"/>
  <system-out><![CDATA[]]></system-out>
  <system-err><![CDATA[]]></system-err>
</testsuite>
