<?xml version="1.0" encoding="UTF-8"?>
<testsuite name="org.springframework.oxm.castor.CastorMarshallerTests" tests="21" skipped="0" failures="0" errors="0" timestamp="2019-08-23T15:46:55" hostname="XULANLAN" time="5.904">
  <properties/>
  <testcase name="suppressXsiTypeTrue" classname="org.springframework.oxm.castor.CastorMarshallerTests" time="2.508"/>
  <testcase name="rootElement" classname="org.springframework.oxm.castor.CastorMarshallerTests" time="0.123"/>
  <testcase name="supports" classname="org.springframework.oxm.castor.CastorMarshallerTests" time="0.059"/>
  <testcase name="suppressNamespacesFalse" classname="org.springframework.oxm.castor.CastorMarshallerTests" time="0.09"/>
  <testcase name="useXsiTypeAsRootFalse" classname="org.springframework.oxm.castor.CastorMarshallerTests" time="0.061"/>
  <testcase name="suppressNamespacesTrue" classname="org.springframework.oxm.castor.CastorMarshallerTests" time="0.042"/>
  <testcase name="marshalAsDocumentFalse" classname="org.springframework.oxm.castor.CastorMarshallerTests" time="0.058"/>
  <testcase name="noNamespaceSchemaLocation" classname="org.springframework.oxm.castor.CastorMarshallerTests" time="0.189"/>
  <testcase name="suppressXsiTypeFalse" classname="org.springframework.oxm.castor.CastorMarshallerTests" time="0.075"/>
  <testcase name="marshalSaxResult" classname="org.springframework.oxm.castor.CastorMarshallerTests" time="1.633"/>
  <testcase name="schemaLocation" classname="org.springframework.oxm.castor.CastorMarshallerTests" time="0.086"/>
  <testcase name="useXsiTypeAsRootTrue" classname="org.springframework.oxm.castor.CastorMarshallerTests" time="0.066"/>
  <testcase name="marshalAsDocumentTrue" classname="org.springframework.oxm.castor.CastorMarshallerTests" time="0.077"/>
  <testcase name="marshalStreamResultOutputStream" classname="org.springframework.oxm.castor.CastorMarshallerTests" time="0.105"/>
  <testcase name="marshalStaxResultEventWriter" classname="org.springframework.oxm.castor.CastorMarshallerTests" time="0.128"/>
  <testcase name="marshalEmptyDOMResult" classname="org.springframework.oxm.castor.CastorMarshallerTests" time="0.086"/>
  <testcase name="marshalStreamResultWriter" classname="org.springframework.oxm.castor.CastorMarshallerTests" time="0.072"/>
  <testcase name="marshalDOMResult" classname="org.springframework.oxm.castor.CastorMarshallerTests" time="0.05"/>
  <testcase name="marshalJaxp14StaxResultEventWriter" classname="org.springframework.oxm.castor.CastorMarshallerTests" time="0.098"/>
  <testcase name="marshalStaxResultStreamWriter" classname="org.springframework.oxm.castor.CastorMarshallerTests" time="0.172"/>
  <testcase name="marshalJaxp14StaxResultStreamWriter" classname="org.springframework.oxm.castor.CastorMarshallerTests" time="0.111"/>
  <system-out><![CDATA[]]></system-out>
  <system-err><![CDATA[]]></system-err>
</testsuite>
