<?xml version="1.0" encoding="UTF-8"?>
<testsuite name="org.springframework.oxm.xstream.XStreamMarshallerTests" tests="20" skipped="2" failures="0" errors="0" timestamp="2019-08-23T15:47:07" hostname="XULANLAN" time="0.932">
  <properties/>
  <testcase name="aliasesByTypeStringClassMap" classname="org.springframework.oxm.xstream.XStreamMarshallerTests" time="0.0">
    <skipped/>
  </testcase>
  <testcase name="marshalStaxResultXMLStreamWriter" classname="org.springframework.oxm.xstream.XStreamMarshallerTests" time="0.464"/>
  <testcase name="marshalStreamResultOutputStream" classname="org.springframework.oxm.xstream.XStreamMarshallerTests" time="0.027"/>
  <testcase name="jettisonDriver" classname="org.springframework.oxm.xstream.XStreamMarshallerTests" time="0.086"/>
  <testcase name="marshalDOMResultToExistentDocument" classname="org.springframework.oxm.xstream.XStreamMarshallerTests" time="0.023"/>
  <testcase name="useAttributesForClassStringListMap" classname="org.springframework.oxm.xstream.XStreamMarshallerTests" time="0.021"/>
  <testcase name="fieldAliases" classname="org.springframework.oxm.xstream.XStreamMarshallerTests" time="0.025"/>
  <testcase name="implicitCollections" classname="org.springframework.oxm.xstream.XStreamMarshallerTests" time="0.022"/>
  <testcase name="useAttributesForStringClassMap" classname="org.springframework.oxm.xstream.XStreamMarshallerTests" time="0.017"/>
  <testcase name="jsonDriver" classname="org.springframework.oxm.xstream.XStreamMarshallerTests" time="0.016"/>
  <testcase name="annotatedMarshalStreamResultWriter" classname="org.springframework.oxm.xstream.XStreamMarshallerTests" time="0.031"/>
  <testcase name="useAttributesForClassStringMap" classname="org.springframework.oxm.xstream.XStreamMarshallerTests" time="0.022"/>
  <testcase name="omitFields" classname="org.springframework.oxm.xstream.XStreamMarshallerTests" time="0.01"/>
  <testcase name="aliasesByTypeStringStringMap" classname="org.springframework.oxm.xstream.XStreamMarshallerTests" time="0.0">
    <skipped/>
  </testcase>
  <testcase name="marshalStaxResultXMLEventWriter" classname="org.springframework.oxm.xstream.XStreamMarshallerTests" time="0.024"/>
  <testcase name="marshalSaxResult" classname="org.springframework.oxm.xstream.XStreamMarshallerTests" time="0.007"/>
  <testcase name="marshalStreamResultWriter" classname="org.springframework.oxm.xstream.XStreamMarshallerTests" time="0.018"/>
  <testcase name="marshalDOMResult" classname="org.springframework.oxm.xstream.XStreamMarshallerTests" time="0.024"/>
  <testcase name="useAttributesFor" classname="org.springframework.oxm.xstream.XStreamMarshallerTests" time="0.055"/>
  <testcase name="converters" classname="org.springframework.oxm.xstream.XStreamMarshallerTests" time="0.036"/>
  <system-out><![CDATA[]]></system-out>
  <system-err><![CDATA[Security framework of XStream not initialized, XStream is probably vulnerable.
Security framework of XStream not initialized, XStream is probably vulnerable.
]]></system-err>
</testsuite>
