<?xml version="1.0" encoding="UTF-8"?>
<testsuite name="org.springframework.core.serializer.SerializationConverterTests" tests="4" skipped="0" failures="0" errors="0" timestamp="2019-08-23T15:10:35" hostname="XULANLAN" time="0.11">
  <properties/>
  <testcase name="deserializationFailure" classname="org.springframework.core.serializer.SerializationConverterTests" time="0.044"/>
  <testcase name="nonSerializableObject" classname="org.springframework.core.serializer.SerializationConverterTests" time="0.049"/>
  <testcase name="nonSerializableField" classname="org.springframework.core.serializer.SerializationConverterTests" time="0.016"/>
  <testcase name="serializeAndDeserializeString" classname="org.springframework.core.serializer.SerializationConverterTests" time="0.001"/>
  <system-out><![CDATA[]]></system-out>
  <system-err><![CDATA[]]></system-err>
</testsuite>
