<?xml version="1.0" encoding="UTF-8"?>
<testsuite name="org.springframework.util.DigestUtilsTests" tests="3" skipped="0" failures="0" errors="0" timestamp="2019-08-24T10:32:01" hostname="XULANLAN" time="0.293">
  <properties/>
  <testcase name="md5Hex" classname="org.springframework.util.DigestUtilsTests" time="0.276"/>
  <testcase name="md5" classname="org.springframework.util.DigestUtilsTests" time="0.013"/>
  <testcase name="md5StringBuilder" classname="org.springframework.util.DigestUtilsTests" time="0.002"/>
  <system-out><![CDATA[]]></system-out>
  <system-err><![CDATA[]]></system-err>
</testsuite>
