<?xml version="1.0" encoding="UTF-8"?>
<testsuite name="org.springframework.util.xml.StaxSourceTests" tests="4" skipped="0" failures="0" errors="0" timestamp="2019-08-24T10:32:22" hostname="XULANLAN" time="0.876">
  <properties/>
  <testcase name="streamReaderSourceToDOMResult" classname="org.springframework.util.xml.StaxSourceTests" time="0.234"/>
  <testcase name="streamReaderSourceToStreamResult" classname="org.springframework.util.xml.StaxSourceTests" time="0.611"/>
  <testcase name="eventReaderSourceToStreamResult" classname="org.springframework.util.xml.StaxSourceTests" time="0.009"/>
  <testcase name="eventReaderSourceToDOMResult" classname="org.springframework.util.xml.StaxSourceTests" time="0.02"/>
  <system-out><![CDATA[]]></system-out>
  <system-err><![CDATA[]]></system-err>
</testsuite>
