<?xml version="1.0" encoding="UTF-8"?>
<testsuite name="org.springframework.util.SerializationUtilsTests" tests="6" skipped="0" failures="0" errors="0" timestamp="2019-08-24T10:32:05" hostname="XULANLAN" time="0.025">
  <properties/>
  <testcase name="serializeCycleSunnyDay" classname="org.springframework.util.SerializationUtilsTests" time="0.021"/>
  <testcase name="deserializeUndefined" classname="org.springframework.util.SerializationUtilsTests" time="0.001"/>
  <testcase name="deserializeNonSerializable" classname="org.springframework.util.SerializationUtilsTests" time="0.0"/>
  <testcase name="serializeNonSerializable" classname="org.springframework.util.SerializationUtilsTests" time="0.003"/>
  <testcase name="serializeNull" classname="org.springframework.util.SerializationUtilsTests" time="0.0"/>
  <testcase name="deserializeNull" classname="org.springframework.util.SerializationUtilsTests" time="0.0"/>
  <system-out><![CDATA[]]></system-out>
  <system-err><![CDATA[]]></system-err>
</testsuite>
