<?xml version="1.0" encoding="UTF-8"?>
<testsuite name="org.springframework.core.NestedExceptionTests" tests="4" skipped="0" failures="0" errors="0" timestamp="2019-08-23T15:10:33" hostname="XULANLAN" time="0.017">
  <properties/>
  <testcase name="nestedRuntimeExceptionWithRootCause" classname="org.springframework.core.NestedExceptionTests" time="0.009"/>
  <testcase name="nestedCheckedExceptionWithRootCause" classname="org.springframework.core.NestedExceptionTests" time="0.003"/>
  <testcase name="nestedRuntimeExceptionWithNoRootCause" classname="org.springframework.core.NestedExceptionTests" time="0.002"/>
  <testcase name="nestedCheckedExceptionWithNoRootCause" classname="org.springframework.core.NestedExceptionTests" time="0.002"/>
  <system-out><![CDATA[]]></system-out>
  <system-err><![CDATA[]]></system-err>
</testsuite>
