<?xml version="1.0" encoding="UTF-8"?>
<testsuite name="org.springframework.core.codec.ByteBufferDecoderTests" tests="3" skipped="0" failures="0" errors="0" timestamp="2019-08-24T10:31:19" hostname="XULANLAN" time="0.036">
  <properties/>
  <testcase name="decodeToMono" classname="org.springframework.core.codec.ByteBufferDecoderTests" time="0.019"/>
  <testcase name="decode" classname="org.springframework.core.codec.ByteBufferDecoderTests" time="0.009"/>
  <testcase name="canDecode" classname="org.springframework.core.codec.ByteBufferDecoderTests" time="0.002"/>
  <system-out><![CDATA[]]></system-out>
  <system-err><![CDATA[]]></system-err>
</testsuite>
