<?xml version="1.0" encoding="UTF-8"?>
<testsuite name="org.springframework.core.codec.ByteBufferEncoderTests" tests="2" skipped="0" failures="0" errors="0" timestamp="2019-08-23T15:10:14" hostname="XULANLAN" time="0.006">
  <properties/>
  <testcase name="encode" classname="org.springframework.core.codec.ByteBufferEncoderTests" time="0.004"/>
  <testcase name="canEncode" classname="org.springframework.core.codec.ByteBufferEncoderTests" time="0.001"/>
  <system-out><![CDATA[]]></system-out>
  <system-err><![CDATA[]]></system-err>
</testsuite>
