<?xml version="1.0" encoding="UTF-8"?>
<testsuite name="org.springframework.core.codec.ByteArrayDecoderTests" tests="3" skipped="0" failures="0" errors="0" timestamp="2019-08-24T10:31:17" hostname="XULANLAN" time="1.145">
  <properties/>
  <testcase name="decodeToMono" classname="org.springframework.core.codec.ByteArrayDecoderTests" time="1.125"/>
  <testcase name="decode" classname="org.springframework.core.codec.ByteArrayDecoderTests" time="0.019"/>
  <testcase name="canDecode" classname="org.springframework.core.codec.ByteArrayDecoderTests" time="0.001"/>
  <system-out><![CDATA[]]></system-out>
  <system-err><![CDATA[]]></system-err>
</testsuite>
