<?xml version="1.0" encoding="UTF-8"?>
<testsuite name="org.springframework.util.xml.DomContentHandlerTests" tests="3" skipped="0" failures="0" errors="0" timestamp="2019-08-23T15:10:43" hostname="XULANLAN" time="0.415">
  <properties/>
  <testcase name="contentHandlerDocumentNoNamespacePrefixes" classname="org.springframework.util.xml.DomContentHandlerTests" time="0.334"/>
  <testcase name="contentHandlerDocumentNamespacePrefixes" classname="org.springframework.util.xml.DomContentHandlerTests" time="0.051"/>
  <testcase name="contentHandlerElement" classname="org.springframework.util.xml.DomContentHandlerTests" time="0.029"/>
  <system-out><![CDATA[]]></system-out>
  <system-err><![CDATA[]]></system-err>
</testsuite>
