<?xml version="1.0" encoding="UTF-8"?>
<testsuite name="org.springframework.util.StreamUtilsTests" tests="8" skipped="0" failures="0" errors="0" timestamp="2019-08-24T10:32:06" hostname="XULANLAN" time="1.065">
  <properties/>
  <testcase name="nonClosingOutputStream" classname="org.springframework.util.StreamUtilsTests" time="0.205"/>
  <testcase name="copyStream" classname="org.springframework.util.StreamUtilsTests" time="0.245"/>
  <testcase name="copyString" classname="org.springframework.util.StreamUtilsTests" time="0.129"/>
  <testcase name="copyToString" classname="org.springframework.util.StreamUtilsTests" time="0.19"/>
  <testcase name="copyBytes" classname="org.springframework.util.StreamUtilsTests" time="0.039"/>
  <testcase name="copyRange" classname="org.springframework.util.StreamUtilsTests" time="0.013"/>
  <testcase name="nonClosingInputStream" classname="org.springframework.util.StreamUtilsTests" time="0.229"/>
  <testcase name="copyToByteArray" classname="org.springframework.util.StreamUtilsTests" time="0.014"/>
  <system-out><![CDATA[]]></system-out>
  <system-err><![CDATA[]]></system-err>
</testsuite>
