<?xml version="1.0" encoding="UTF-8"?>
<testsuite name="org.springframework.core.io.ResourceTests" tests="22" skipped="1" failures="0" errors="0" timestamp="2019-08-23T15:10:28" hostname="XULANLAN" time="0.156">
  <properties/>
  <testcase name="testFileSystemResourceWithRelativePath" classname="org.springframework.core.io.ResourceTests" time="0.001"/>
  <testcase name="testInputStreamResource" classname="org.springframework.core.io.ResourceTests" time="0.001"/>
  <testcase name="testByteArrayResource" classname="org.springframework.core.io.ResourceTests" time="0.002"/>
  <testcase name="testInputStreamResourceWithDescription" classname="org.springframework.core.io.ResourceTests" time="0.001"/>
  <testcase name="testReadableChannelNotFoundOnFileSystemResource" classname="org.springframework.core.io.ResourceTests" time="0.003"/>
  <testcase name="testReadableChannelNotFoundOnClassPathResource" classname="org.springframework.core.io.ResourceTests" time="0.001"/>
  <testcase name="testFileSystemResource" classname="org.springframework.core.io.ResourceTests" time="0.008"/>
  <testcase name="testUrlResourceWithRelativePath" classname="org.springframework.core.io.ResourceTests" time="0.02"/>
  <testcase name="testFileSystemResourceWithPlainPath" classname="org.springframework.core.io.ResourceTests" time="0.001"/>
  <testcase name="testByteArrayResourceWithDescription" classname="org.springframework.core.io.ResourceTests" time="0.0"/>
  <testcase name="testClassPathResource" classname="org.springframework.core.io.ResourceTests" time="0.015"/>
  <testcase name="testUrlResource" classname="org.springframework.core.io.ResourceTests" time="0.017"/>
  <testcase name="testClassPathResourceWithClass" classname="org.springframework.core.io.ResourceTests" time="0.022"/>
  <testcase name="testInputStreamNotFoundOnFileSystemResource" classname="org.springframework.core.io.ResourceTests" time="0.002"/>
  <testcase name="testInputStreamNotFoundOnClassPathResource" classname="org.springframework.core.io.ResourceTests" time="0.001"/>
  <testcase name="testClassPathResourceWithClassLoader" classname="org.springframework.core.io.ResourceTests" time="0.013"/>
  <testcase name="testFileSystemResourceWithFilePath" classname="org.springframework.core.io.ResourceTests" time="0.022"/>
  <testcase name="testClassPathResourceWithRelativePath" classname="org.springframework.core.io.ResourceTests" time="0.0"/>
  <testcase name="testContentLength" classname="org.springframework.core.io.ResourceTests" time="0.0"/>
  <testcase name="testNonFileResourceExists" classname="org.springframework.core.io.ResourceTests" time="0.0">
    <skipped/>
  </testcase>
  <testcase name="testReadableChannel" classname="org.springframework.core.io.ResourceTests" time="0.001"/>
  <testcase name="testAbstractResourceExceptions" classname="org.springframework.core.io.ResourceTests" time="0.011"/>
  <system-out><![CDATA[]]></system-out>
  <system-err><![CDATA[]]></system-err>
</testsuite>
