<?xml version="1.0" encoding="UTF-8"?>
<testsuite name="org.springframework.util.ReflectionUtilsTests" tests="20" skipped="2" failures="0" errors="0" timestamp="2019-08-24T10:32:05" hostname="XULANLAN" time="0.314">
  <properties/>
  <testcase name="declaresException" classname="org.springframework.util.ReflectionUtilsTests" time="0.088"/>
  <testcase name="getUniqueDeclaredMethods" classname="org.springframework.util.ReflectionUtilsTests" time="0.022"/>
  <testcase name="getUniqueDeclaredMethods_isFastEnough" classname="org.springframework.util.ReflectionUtilsTests" time="0.002">
    <skipped/>
  </testcase>
  <testcase name="validCopy" classname="org.springframework.util.ReflectionUtilsTests" time="0.031"/>
  <testcase name="invokeMethod" classname="org.springframework.util.ReflectionUtilsTests" time="0.0"/>
  <testcase name="rejectsNullSrc" classname="org.springframework.util.ReflectionUtilsTests" time="0.002"/>
  <testcase name="validCopyOnSubTypeWithNewField" classname="org.springframework.util.ReflectionUtilsTests" time="0.001"/>
  <testcase name="findMethodWithVarArgs" classname="org.springframework.util.ReflectionUtilsTests" time="0.0">
    <skipped/>
  </testcase>
  <testcase name="findMethod" classname="org.springframework.util.ReflectionUtilsTests" time="0.0"/>
  <testcase name="isCglibRenamedMethod" classname="org.springframework.util.ReflectionUtilsTests" time="0.03"/>
  <testcase name="copySrcToDestinationOfIncorrectClass" classname="org.springframework.util.ReflectionUtilsTests" time="0.003"/>
  <testcase name="findField" classname="org.springframework.util.ReflectionUtilsTests" time="0.005"/>
  <testcase name="getAllDeclaredMethods" classname="org.springframework.util.ReflectionUtilsTests" time="0.025"/>
  <testcase name="setField" classname="org.springframework.util.ReflectionUtilsTests" time="0.002"/>
  <testcase name="duplicatesFound" classname="org.springframework.util.ReflectionUtilsTests" time="0.046"/>
  <testcase name="rejectsNullDest" classname="org.springframework.util.ReflectionUtilsTests" time="0.001"/>
  <testcase name="validCopyToSubType" classname="org.springframework.util.ReflectionUtilsTests" time="0.001"/>
  <testcase name="doWithProtectedMethods" classname="org.springframework.util.ReflectionUtilsTests" time="0.027"/>
  <testcase name="validCopyToSubTypeWithFinalField" classname="org.springframework.util.ReflectionUtilsTests" time="0.001"/>
  <testcase name="getUniqueDeclaredMethods_withCovariantReturnType" classname="org.springframework.util.ReflectionUtilsTests" time="0.009"/>
  <system-out><![CDATA[]]></system-out>
  <system-err><![CDATA[]]></system-err>
</testsuite>
