<?xml version="1.0" encoding="UTF-8"?>
<testsuite name="org.springframework.core.env.CustomEnvironmentTests" tests="4" skipped="0" failures="0" errors="0" timestamp="2019-08-24T10:31:24" hostname="XULANLAN" time="0.209">
  <properties/>
  <testcase name="withSingleCustomReservedDefaultProfile" classname="org.springframework.core.env.CustomEnvironmentTests" time="0.179"/>
  <testcase name="withNoReservedDefaultProfile" classname="org.springframework.core.env.CustomEnvironmentTests" time="0.002"/>
  <testcase name="control" classname="org.springframework.core.env.CustomEnvironmentTests" time="0.001"/>
  <testcase name="withMultiCustomReservedDefaultProfile" classname="org.springframework.core.env.CustomEnvironmentTests" time="0.027"/>
  <system-out><![CDATA[]]></system-out>
  <system-err><![CDATA[]]></system-err>
</testsuite>
