<?xml version="1.0" encoding="UTF-8"?>
<testsuite name="org.springframework.util.xml.ListBasedXMLEventReaderTests" tests="3" skipped="0" failures="0" errors="0" timestamp="2019-08-23T15:10:43" hostname="XULANLAN" time="0.224">
  <properties/>
  <testcase name="testGetElementTextThrowsExceptionAtWrongPosition" classname="org.springframework.util.xml.ListBasedXMLEventReaderTests" time="0.149"/>
  <testcase name="testGetElementText" classname="org.springframework.util.xml.ListBasedXMLEventReaderTests" time="0.0"/>
  <testcase name="standard" classname="org.springframework.util.xml.ListBasedXMLEventReaderTests" time="0.072"/>
  <system-out><![CDATA[]]></system-out>
  <system-err><![CDATA[]]></system-err>
</testsuite>
