<?xml version="1.0" encoding="UTF-8"?>
<testsuite name="org.springframework.util.LinkedMultiValueMapTests" tests="9" skipped="0" failures="0" errors="0" timestamp="2019-08-24T10:32:04" hostname="XULANLAN" time="0.017">
  <properties/>
  <testcase name="addAll" classname="org.springframework.util.LinkedMultiValueMapTests" time="0.002"/>
  <testcase name="toSingleValueMap" classname="org.springframework.util.LinkedMultiValueMapTests" time="0.002"/>
  <testcase name="equals" classname="org.springframework.util.LinkedMultiValueMapTests" time="0.001"/>
  <testcase name="getFirstWithEmptyList" classname="org.springframework.util.LinkedMultiValueMapTests" time="0.001"/>
  <testcase name="addAllWithEmptyList" classname="org.springframework.util.LinkedMultiValueMapTests" time="0.001"/>
  <testcase name="add" classname="org.springframework.util.LinkedMultiValueMapTests" time="0.001"/>
  <testcase name="set" classname="org.springframework.util.LinkedMultiValueMapTests" time="0.001"/>
  <testcase name="toSingleValueMapWithEmptyList" classname="org.springframework.util.LinkedMultiValueMapTests" time="0.001"/>
  <testcase name="getFirst" classname="org.springframework.util.LinkedMultiValueMapTests" time="0.001"/>
  <system-out><![CDATA[]]></system-out>
  <system-err><![CDATA[]]></system-err>
</testsuite>
