<?xml version="1.0" encoding="UTF-8"?>
<testsuite name="org.springframework.util.concurrent.ListenableFutureTaskTests" tests="4" skipped="0" failures="0" errors="0" timestamp="2019-08-23T15:10:39" hostname="XULANLAN" time="0.094">
  <properties/>
  <testcase name="success" classname="org.springframework.util.concurrent.ListenableFutureTaskTests" time="0.041"/>
  <testcase name="failure" classname="org.springframework.util.concurrent.ListenableFutureTaskTests" time="0.011"/>
  <testcase name="failureWithLambdas" classname="org.springframework.util.concurrent.ListenableFutureTaskTests" time="0.04"/>
  <testcase name="successWithLambdas" classname="org.springframework.util.concurrent.ListenableFutureTaskTests" time="0.002"/>
  <system-out><![CDATA[]]></system-out>
  <system-err><![CDATA[]]></system-err>
</testsuite>
