<?xml version="1.0" encoding="UTF-8"?>
<testsuite name="org.springframework.util.xml.StaxStreamXMLReaderTests" tests="6" skipped="0" failures="0" errors="0" timestamp="2019-08-24T10:32:24" hostname="XULANLAN" time="0.2">
  <properties/>
  <testcase name="partial" classname="org.springframework.util.xml.StaxStreamXMLReaderTests" time="0.02"/>
  <testcase name="contentHandlerNamespacesPrefixes" classname="org.springframework.util.xml.StaxStreamXMLReaderTests" time="0.053"/>
  <testcase name="whitespace" classname="org.springframework.util.xml.StaxStreamXMLReaderTests" time="0.008"/>
  <testcase name="contentHandlerNoNamespacesPrefixes" classname="org.springframework.util.xml.StaxStreamXMLReaderTests" time="0.047"/>
  <testcase name="lexicalHandler" classname="org.springframework.util.xml.StaxStreamXMLReaderTests" time="0.054"/>
  <testcase name="contentHandlerNamespacesNoPrefixes" classname="org.springframework.util.xml.StaxStreamXMLReaderTests" time="0.016"/>
  <system-out><![CDATA[]]></system-out>
  <system-err><![CDATA[]]></system-err>
</testsuite>
