<?xml version="1.0" encoding="UTF-8"?>
<testsuite name="org.springframework.core.SimpleAliasRegistryTests" tests="2" skipped="0" failures="0" errors="0" timestamp="2019-08-24T10:31:48" hostname="XULANLAN" time="0.115">
  <properties/>
  <testcase name="testAliasChaining" classname="org.springframework.core.SimpleAliasRegistryTests" time="0.112"/>
  <testcase name="testAliasChainingWithMultipleAliases" classname="org.springframework.core.SimpleAliasRegistryTests" time="0.002"/>
  <system-out><![CDATA[]]></system-out>
  <system-err><![CDATA[]]></system-err>
</testsuite>
