<?xml version="1.0" encoding="UTF-8"?>
<testsuite name="org.springframework.core.codec.ResourceRegionEncoderTests" tests="6" skipped="0" failures="0" errors="0" timestamp="2019-08-24T10:31:19" hostname="XULANLAN" time="0.257">
  <properties/>
  <testcase name="shouldEncodeMultipleResourceRegionsFileResource" classname="org.springframework.core.codec.ResourceRegionEncoderTests" time="0.169"/>
  <testcase name="cancelWithoutDemandForSingleResourceRegion" classname="org.springframework.core.codec.ResourceRegionEncoderTests" time="0.06"/>
  <testcase name="canEncode" classname="org.springframework.core.codec.ResourceRegionEncoderTests" time="0.001"/>
  <testcase name="shouldEncodeResourceRegionFileResource" classname="org.springframework.core.codec.ResourceRegionEncoderTests" time="0.004"/>
  <testcase name="cancelWithoutDemandForMultipleResourceRegions" classname="org.springframework.core.codec.ResourceRegionEncoderTests" time="0.002"/>
  <testcase name="nonExisting" classname="org.springframework.core.codec.ResourceRegionEncoderTests" time="0.02"/>
  <system-out><![CDATA[]]></system-out>
  <system-err><![CDATA[]]></system-err>
</testsuite>
