<?xml version="1.0" encoding="UTF-8"?>
<testsuite name="org.springframework.core.KotlinMethodParameterTests" tests="4" skipped="0" failures="0" errors="0" timestamp="2019-08-24T10:32:25" hostname="XULANLAN" time="2.556">
  <properties/>
  <testcase name="Inner class constructor" classname="org.springframework.core.KotlinMethodParameterTests" time="2.221"/>
  <testcase name="Regular class constructor" classname="org.springframework.core.KotlinMethodParameterTests" time="0.002"/>
  <testcase name="Method return type nullability" classname="org.springframework.core.KotlinMethodParameterTests" time="0.324"/>
  <testcase name="Method parameter nullability" classname="org.springframework.core.KotlinMethodParameterTests" time="0.009"/>
  <system-out><![CDATA[]]></system-out>
  <system-err><![CDATA[]]></system-err>
</testsuite>
