<?xml version="1.0" encoding="UTF-8"?>
<testsuite name="org.springframework.util.FileSystemUtilsTests" tests="2" skipped="0" failures="0" errors="0" timestamp="2019-08-24T10:32:03" hostname="XULANLAN" time="0.858">
  <properties/>
  <testcase name="deleteRecursively" classname="org.springframework.util.FileSystemUtilsTests" time="0.793"/>
  <testcase name="copyRecursively" classname="org.springframework.util.FileSystemUtilsTests" time="0.065"/>
  <system-out><![CDATA[]]></system-out>
  <system-err><![CDATA[]]></system-err>
</testsuite>
