<?xml version="1.0" encoding="UTF-8"?>
<testsuite name="org.springframework.core.task.SimpleAsyncTaskExecutorTests" tests="5" skipped="0" failures="0" errors="0" timestamp="2019-08-23T15:10:35" hostname="XULANLAN" time="0.09">
  <properties/>
  <testcase name="threadFactoryOverridesDefaults" classname="org.springframework.core.task.SimpleAsyncTaskExecutorTests" time="0.074"/>
  <testcase name="threadNameGetsSetCorrectly" classname="org.springframework.core.task.SimpleAsyncTaskExecutorTests" time="0.002"/>
  <testcase name="cannotExecuteWhenConcurrencyIsSwitchedOff" classname="org.springframework.core.task.SimpleAsyncTaskExecutorTests" time="0.014"/>
  <testcase name="throttleIsNotActiveByDefault" classname="org.springframework.core.task.SimpleAsyncTaskExecutorTests" time="0.0"/>
  <testcase name="throwsExceptionWhenSuppliedWithNullRunnable" classname="org.springframework.core.task.SimpleAsyncTaskExecutorTests" time="0.0"/>
  <system-out><![CDATA[]]></system-out>
  <system-err><![CDATA[]]></system-err>
</testsuite>
