<?xml version="1.0" encoding="UTF-8"?>
<testsuite name="org.springframework.core.AttributeAccessorSupportTests" tests="4" skipped="0" failures="0" errors="0" timestamp="2019-08-23T15:10:12" hostname="XULANLAN" time="0.006">
  <properties/>
  <testcase name="attributeNames" classname="org.springframework.core.AttributeAccessorSupportTests" time="0.001"/>
  <testcase name="remove" classname="org.springframework.core.AttributeAccessorSupportTests" time="0.001"/>
  <testcase name="setAndGet" classname="org.springframework.core.AttributeAccessorSupportTests" time="0.002"/>
  <testcase name="setAndHas" classname="org.springframework.core.AttributeAccessorSupportTests" time="0.001"/>
  <system-out><![CDATA[]]></system-out>
  <system-err><![CDATA[]]></system-err>
</testsuite>
