<?xml version="1.0" encoding="UTF-8"?>
<testsuite name="org.springframework.util.MethodInvokerTests" tests="8" skipped="0" failures="0" errors="0" timestamp="2019-08-23T15:10:40" hostname="XULANLAN" time="0.118">
  <properties/>
  <testcase name="salesmanWithMethodInvoker" classname="org.springframework.util.MethodInvokerTests" time="0.075"/>
  <testcase name="plainMethodInvoker" classname="org.springframework.util.MethodInvokerTests" time="0.018"/>
  <testcase name="vipWithMethodInvoker" classname="org.springframework.util.MethodInvokerTests" time="0.015"/>
  <testcase name="shopperWithMethodInvoker" classname="org.springframework.util.MethodInvokerTests" time="0.001"/>
  <testcase name="purchaserWithMethodInvoker" classname="org.springframework.util.MethodInvokerTests" time="0.001"/>
  <testcase name="customerWithMethodInvoker" classname="org.springframework.util.MethodInvokerTests" time="0.001"/>
  <testcase name="stringWithMethodInvoker" classname="org.springframework.util.MethodInvokerTests" time="0.001"/>
  <testcase name="regularWithMethodInvoker" classname="org.springframework.util.MethodInvokerTests" time="0.003"/>
  <system-out><![CDATA[]]></system-out>
  <system-err><![CDATA[]]></system-err>
</testsuite>
