<?xml version="1.0" encoding="UTF-8"?>
<testsuite name="org.springframework.core.StandardReflectionParameterNameDiscoverTests" tests="1" skipped="0" failures="0" errors="0" timestamp="2019-08-23T15:10:35" hostname="XULANLAN" time="0.017">
  <properties/>
  <testcase name="getParameterNamesOnInterface" classname="org.springframework.core.StandardReflectionParameterNameDiscoverTests" time="0.017"/>
  <system-out><![CDATA[]]></system-out>
  <system-err><![CDATA[]]></system-err>
</testsuite>
