<?xml version="1.0" encoding="UTF-8"?>
<testsuite name="org.springframework.util.xml.TransformerUtilsTests" tests="7" skipped="0" failures="0" errors="0" timestamp="2019-08-24T10:32:24" hostname="XULANLAN" time="0.087">
  <properties/>
  <testcase name="enableIndentingWithNegativeIndentAmount" classname="org.springframework.util.xml.TransformerUtilsTests" time="0.06"/>
  <testcase name="disableIndentingWithNullTransformer" classname="org.springframework.util.xml.TransformerUtilsTests" time="0.004"/>
  <testcase name="enableIndentingSunnyDayWithCustomKosherIndentAmount" classname="org.springframework.util.xml.TransformerUtilsTests" time="0.002"/>
  <testcase name="enableIndentingWithZeroIndentAmount" classname="org.springframework.util.xml.TransformerUtilsTests" time="0.004"/>
  <testcase name="enableIndentingSunnyDay" classname="org.springframework.util.xml.TransformerUtilsTests" time="0.002"/>
  <testcase name="enableIndentingWithNullTransformer" classname="org.springframework.util.xml.TransformerUtilsTests" time="0.0"/>
  <testcase name="disableIndentingSunnyDay" classname="org.springframework.util.xml.TransformerUtilsTests" time="0.001"/>
  <system-out><![CDATA[]]></system-out>
  <system-err><![CDATA[]]></system-err>
</testsuite>
