<?xml version="1.0" encoding="UTF-8"?>
<testsuite name="org.springframework.core.io.PathResourceTests" tests="37" skipped="0" failures="0" errors="0" timestamp="2019-08-23T15:10:28" hostname="XULANLAN" time="0.626">
  <properties/>
  <testcase name="nullUri" classname="org.springframework.core.io.PathResourceTests" time="0.025"/>
  <testcase name="getReadableByteChannelDoesNotExist" classname="org.springframework.core.io.PathResourceTests" time="0.009"/>
  <testcase name="nullPath" classname="org.springframework.core.io.PathResourceTests" time="0.009"/>
  <testcase name="dirExists" classname="org.springframework.core.io.PathResourceTests" time="0.008"/>
  <testcase name="getInputStreamForDir" classname="org.springframework.core.io.PathResourceTests" time="0.011"/>
  <testcase name="getWritableChannel" classname="org.springframework.core.io.PathResourceTests" time="0.016"/>
  <testcase name="createRelativeFromFile" classname="org.springframework.core.io.PathResourceTests" time="0.01"/>
  <testcase name="description" classname="org.springframework.core.io.PathResourceTests" time="0.007"/>
  <testcase name="fileIsWritable" classname="org.springframework.core.io.PathResourceTests" time="0.026"/>
  <testcase name="directoryIsNotWritable" classname="org.springframework.core.io.PathResourceTests" time="0.023"/>
  <testcase name="getUri" classname="org.springframework.core.io.PathResourceTests" time="0.008"/>
  <testcase name="getUrl" classname="org.springframework.core.io.PathResourceTests" time="0.009"/>
  <testcase name="directoryOutputStream" classname="org.springframework.core.io.PathResourceTests" time="0.007"/>
  <testcase name="nullPathString" classname="org.springframework.core.io.PathResourceTests" time="0.01"/>
  <testcase name="getInputStream" classname="org.springframework.core.io.PathResourceTests" time="0.024"/>
  <testcase name="filename" classname="org.springframework.core.io.PathResourceTests" time="0.007"/>
  <testcase name="doesNotExistIsNotReadable" classname="org.springframework.core.io.PathResourceTests" time="0.008"/>
  <testcase name="createRelativeFromDir" classname="org.springframework.core.io.PathResourceTests" time="0.01"/>
  <testcase name="contentLength" classname="org.springframework.core.io.PathResourceTests" time="0.007"/>
  <testcase name="fileIsReadable" classname="org.springframework.core.io.PathResourceTests" time="0.008"/>
  <testcase name="getInputStreamDoesNotExist" classname="org.springframework.core.io.PathResourceTests" time="0.008"/>
  <testcase name="directoryIsNotReadable" classname="org.springframework.core.io.PathResourceTests" time="0.008"/>
  <testcase name="getReadableByteChannel" classname="org.springframework.core.io.PathResourceTests" time="0.007"/>
  <testcase name="createFromPath" classname="org.springframework.core.io.PathResourceTests" time="0.008"/>
  <testcase name="createFromString" classname="org.springframework.core.io.PathResourceTests" time="0.01"/>
  <testcase name="outputStream" classname="org.springframework.core.io.PathResourceTests" time="0.015"/>
  <testcase name="getFile" classname="org.springframework.core.io.PathResourceTests" time="0.01"/>
  <testcase name="getPathForDir" classname="org.springframework.core.io.PathResourceTests" time="0.014"/>
  <testcase name="doesNotExistOutputStream" classname="org.springframework.core.io.PathResourceTests" time="0.018"/>
  <testcase name="fileDoesNotExist" classname="org.springframework.core.io.PathResourceTests" time="0.011"/>
  <testcase name="contentLengthForDirectory" classname="org.springframework.core.io.PathResourceTests" time="0.009"/>
  <testcase name="getPathForFile" classname="org.springframework.core.io.PathResourceTests" time="0.008"/>
  <testcase name="getReadableByteChannelForDir" classname="org.springframework.core.io.PathResourceTests" time="0.011"/>
  <testcase name="fileExists" classname="org.springframework.core.io.PathResourceTests" time="0.008"/>
  <testcase name="createFromUri" classname="org.springframework.core.io.PathResourceTests" time="0.023"/>
  <testcase name="getFileUnsupported" classname="org.springframework.core.io.PathResourceTests" time="0.178"/>
  <testcase name="lastModified" classname="org.springframework.core.io.PathResourceTests" time="0.021"/>
  <system-out><![CDATA[]]></system-out>
  <system-err><![CDATA[]]></system-err>
</testsuite>
