<?xml version="1.0" encoding="UTF-8"?>
<testsuite name="org.springframework.util.comparator.BooleanComparatorTests" tests="4" skipped="0" failures="0" errors="0" timestamp="2019-08-24T10:31:59" hostname="XULANLAN" time="0.047">
  <properties/>
  <testcase name="shouldCompareFromTrueHigh" classname="org.springframework.util.comparator.BooleanComparatorTests" time="0.04"/>
  <testcase name="shouldCompareWithTrueHigh" classname="org.springframework.util.comparator.BooleanComparatorTests" time="0.002"/>
  <testcase name="shouldCompareFromTrueLow" classname="org.springframework.util.comparator.BooleanComparatorTests" time="0.003"/>
  <testcase name="shouldCompareWithTrueLow" classname="org.springframework.util.comparator.BooleanComparatorTests" time="0.0"/>
  <system-out><![CDATA[]]></system-out>
  <system-err><![CDATA[]]></system-err>
</testsuite>
