<?xml version="1.0" encoding="UTF-8"?>
<testsuite name="org.springframework.util.xml.XMLEventStreamReaderTests" tests="2" skipped="0" failures="0" errors="0" timestamp="2019-08-23T15:10:53" hostname="XULANLAN" time="0.015">
  <properties/>
  <testcase name="readCorrect" classname="org.springframework.util.xml.XMLEventStreamReaderTests" time="0.014"/>
  <testcase name="readAll" classname="org.springframework.util.xml.XMLEventStreamReaderTests" time="0.001"/>
  <system-out><![CDATA[]]></system-out>
  <system-err><![CDATA[]]></system-err>
</testsuite>
