<?xml version="1.0" encoding="UTF-8"?>
<testsuite name="org.springframework.core.type.AspectJTypeFilterTests" tests="8" skipped="0" failures="0" errors="0" timestamp="2019-08-24T10:31:50" hostname="XULANLAN" time="1.652">
  <properties/>
  <testcase name="compositionPatternNoMatches" classname="org.springframework.core.type.AspectJTypeFilterTests" time="1.138"/>
  <testcase name="annotationPatternMatches" classname="org.springframework.core.type.AspectJTypeFilterTests" time="0.064"/>
  <testcase name="subclassPatternNoMatches" classname="org.springframework.core.type.AspectJTypeFilterTests" time="0.062"/>
  <testcase name="compositionPatternMatches" classname="org.springframework.core.type.AspectJTypeFilterTests" time="0.148"/>
  <testcase name="annotationPatternNoMatches" classname="org.springframework.core.type.AspectJTypeFilterTests" time="0.009"/>
  <testcase name="namePatternNoMatches" classname="org.springframework.core.type.AspectJTypeFilterTests" time="0.08"/>
  <testcase name="namePatternMatches" classname="org.springframework.core.type.AspectJTypeFilterTests" time="0.017"/>
  <testcase name="subclassPatternMatches" classname="org.springframework.core.type.AspectJTypeFilterTests" time="0.127"/>
  <system-out><![CDATA[warning no match for this type name: org.springframework.core.type.AspectJTypeFilterTests.SomeClassX [Xlint:invalidAbsoluteTypeName]
]]></system-out>
  <system-err><![CDATA[]]></system-err>
</testsuite>
