<?xml version="1.0" encoding="UTF-8"?>
<testsuite name="org.springframework.core.type.classreading.ClassMetadataReadingVisitorMemberClassTests" tests="4" skipped="0" failures="0" errors="0" timestamp="2019-08-23T15:10:37" hostname="XULANLAN" time="0.058">
  <properties/>
  <testcase name="againstMemberClass" classname="org.springframework.core.type.classreading.ClassMetadataReadingVisitorMemberClassTests" time="0.015"/>
  <testcase name="withNoMemberClasses" classname="org.springframework.core.type.classreading.ClassMetadataReadingVisitorMemberClassTests" time="0.012"/>
  <testcase name="withNonPublicMemberClasses" classname="org.springframework.core.type.classreading.ClassMetadataReadingVisitorMemberClassTests" time="0.018"/>
  <testcase name="withPublicMemberClasses" classname="org.springframework.core.type.classreading.ClassMetadataReadingVisitorMemberClassTests" time="0.013"/>
  <system-out><![CDATA[]]></system-out>
  <system-err><![CDATA[]]></system-err>
</testsuite>
