<?xml version="1.0" encoding="UTF-8"?>
<testsuite name="org.springframework.core.annotation.OrderSourceProviderTests" tests="7" skipped="0" failures="0" errors="0" timestamp="2019-08-24T10:31:14" hostname="XULANLAN" time="0.034">
  <properties/>
  <testcase name="arrayFactoryMethodOverridesStaticOrder" classname="org.springframework.core.annotation.OrderSourceProviderTests" time="0.007"/>
  <testcase name="listNoFactoryMethod" classname="org.springframework.core.annotation.OrderSourceProviderTests" time="0.003"/>
  <testcase name="listFactoryMethod" classname="org.springframework.core.annotation.OrderSourceProviderTests" time="0.002"/>
  <testcase name="arrayNoFactoryMethod" classname="org.springframework.core.annotation.OrderSourceProviderTests" time="0.001"/>
  <testcase name="arrayFactoryMethod" classname="org.springframework.core.annotation.OrderSourceProviderTests" time="0.006"/>
  <testcase name="listFactoryMethodOverridesStaticOrder" classname="org.springframework.core.annotation.OrderSourceProviderTests" time="0.002"/>
  <testcase name="plainComparator" classname="org.springframework.core.annotation.OrderSourceProviderTests" time="0.001"/>
  <system-out><![CDATA[]]></system-out>
  <system-err><![CDATA[]]></system-err>
</testsuite>
