<?xml version="1.0" encoding="UTF-8"?>
<testsuite name="org.springframework.util.CompositeIteratorTests" tests="5" skipped="0" failures="0" errors="0" timestamp="2019-08-23T15:10:39" hostname="XULANLAN" time="0.011">
  <properties/>
  <testcase name="testMultipleIterators" classname="org.springframework.util.CompositeIteratorTests" time="0.01"/>
  <testcase name="testInUse" classname="org.springframework.util.CompositeIteratorTests" time="0.001"/>
  <testcase name="testNoIterators" classname="org.springframework.util.CompositeIteratorTests" time="0.0"/>
  <testcase name="testSingleIterator" classname="org.springframework.util.CompositeIteratorTests" time="0.0"/>
  <testcase name="testDuplicateIterators" classname="org.springframework.util.CompositeIteratorTests" time="0.0"/>
  <system-out><![CDATA[]]></system-out>
  <system-err><![CDATA[]]></system-err>
</testsuite>
