<?xml version="1.0" encoding="UTF-8"?>
<testsuite name="org.springframework.core.env.PropertyResolverExtensionsTests" tests="3" skipped="0" failures="0" errors="0" timestamp="2019-08-24T10:32:25" hostname="XULANLAN" time="0.428">
  <properties/>
  <testcase name="getProperty extension" classname="org.springframework.core.env.PropertyResolverExtensionsTests" time="0.392"/>
  <testcase name="get operator" classname="org.springframework.core.env.PropertyResolverExtensionsTests" time="0.02"/>
  <testcase name="getRequiredProperty extension" classname="org.springframework.core.env.PropertyResolverExtensionsTests" time="0.013"/>
  <system-out><![CDATA[]]></system-out>
  <system-err><![CDATA[]]></system-err>
</testsuite>
