<?xml version="1.0" encoding="UTF-8"?>
<testsuite name="org.springframework.util.xml.StaxEventXMLReaderTests" tests="6" skipped="0" failures="0" errors="0" timestamp="2019-08-23T15:10:51" hostname="XULANLAN" time="0.221">
  <properties/>
  <testcase name="partial" classname="org.springframework.util.xml.StaxEventXMLReaderTests" time="0.053"/>
  <testcase name="contentHandlerNamespacesPrefixes" classname="org.springframework.util.xml.StaxEventXMLReaderTests" time="0.052"/>
  <testcase name="whitespace" classname="org.springframework.util.xml.StaxEventXMLReaderTests" time="0.027"/>
  <testcase name="contentHandlerNoNamespacesPrefixes" classname="org.springframework.util.xml.StaxEventXMLReaderTests" time="0.006"/>
  <testcase name="lexicalHandler" classname="org.springframework.util.xml.StaxEventXMLReaderTests" time="0.051"/>
  <testcase name="contentHandlerNamespacesNoPrefixes" classname="org.springframework.util.xml.StaxEventXMLReaderTests" time="0.031"/>
  <system-out><![CDATA[]]></system-out>
  <system-err><![CDATA[]]></system-err>
</testsuite>
