<?xml version="1.0" encoding="UTF-8"?>
<testsuite name="org.springframework.core.io.PathResourceTests" tests="37" skipped="0" failures="0" errors="0" timestamp="2019-08-24T10:31:34" hostname="XULANLAN" time="2.352">
  <properties/>
  <testcase name="nullUri" classname="org.springframework.core.io.PathResourceTests" time="0.08"/>
  <testcase name="getReadableByteChannelDoesNotExist" classname="org.springframework.core.io.PathResourceTests" time="0.049"/>
  <testcase name="nullPath" classname="org.springframework.core.io.PathResourceTests" time="0.041"/>
  <testcase name="dirExists" classname="org.springframework.core.io.PathResourceTests" time="0.019"/>
  <testcase name="getInputStreamForDir" classname="org.springframework.core.io.PathResourceTests" time="0.026"/>
  <testcase name="getWritableChannel" classname="org.springframework.core.io.PathResourceTests" time="0.012"/>
  <testcase name="createRelativeFromFile" classname="org.springframework.core.io.PathResourceTests" time="0.008"/>
  <testcase name="description" classname="org.springframework.core.io.PathResourceTests" time="0.01"/>
  <testcase name="fileIsWritable" classname="org.springframework.core.io.PathResourceTests" time="0.099"/>
  <testcase name="directoryIsNotWritable" classname="org.springframework.core.io.PathResourceTests" time="0.164"/>
  <testcase name="getUri" classname="org.springframework.core.io.PathResourceTests" time="0.042"/>
  <testcase name="getUrl" classname="org.springframework.core.io.PathResourceTests" time="0.009"/>
  <testcase name="directoryOutputStream" classname="org.springframework.core.io.PathResourceTests" time="0.021"/>
  <testcase name="nullPathString" classname="org.springframework.core.io.PathResourceTests" time="0.044"/>
  <testcase name="getInputStream" classname="org.springframework.core.io.PathResourceTests" time="0.066"/>
  <testcase name="filename" classname="org.springframework.core.io.PathResourceTests" time="0.043"/>
  <testcase name="doesNotExistIsNotReadable" classname="org.springframework.core.io.PathResourceTests" time="0.056"/>
  <testcase name="createRelativeFromDir" classname="org.springframework.core.io.PathResourceTests" time="0.025"/>
  <testcase name="contentLength" classname="org.springframework.core.io.PathResourceTests" time="0.091"/>
  <testcase name="fileIsReadable" classname="org.springframework.core.io.PathResourceTests" time="0.076"/>
  <testcase name="getInputStreamDoesNotExist" classname="org.springframework.core.io.PathResourceTests" time="0.082"/>
  <testcase name="directoryIsNotReadable" classname="org.springframework.core.io.PathResourceTests" time="0.02"/>
  <testcase name="getReadableByteChannel" classname="org.springframework.core.io.PathResourceTests" time="0.038"/>
  <testcase name="createFromPath" classname="org.springframework.core.io.PathResourceTests" time="0.115"/>
  <testcase name="createFromString" classname="org.springframework.core.io.PathResourceTests" time="0.057"/>
  <testcase name="outputStream" classname="org.springframework.core.io.PathResourceTests" time="0.097"/>
  <testcase name="getFile" classname="org.springframework.core.io.PathResourceTests" time="0.117"/>
  <testcase name="getPathForDir" classname="org.springframework.core.io.PathResourceTests" time="0.067"/>
  <testcase name="doesNotExistOutputStream" classname="org.springframework.core.io.PathResourceTests" time="0.049"/>
  <testcase name="fileDoesNotExist" classname="org.springframework.core.io.PathResourceTests" time="0.026"/>
  <testcase name="contentLengthForDirectory" classname="org.springframework.core.io.PathResourceTests" time="0.188"/>
  <testcase name="getPathForFile" classname="org.springframework.core.io.PathResourceTests" time="0.012"/>
  <testcase name="getReadableByteChannelForDir" classname="org.springframework.core.io.PathResourceTests" time="0.043"/>
  <testcase name="fileExists" classname="org.springframework.core.io.PathResourceTests" time="0.016"/>
  <testcase name="createFromUri" classname="org.springframework.core.io.PathResourceTests" time="0.04"/>
  <testcase name="getFileUnsupported" classname="org.springframework.core.io.PathResourceTests" time="0.271"/>
  <testcase name="lastModified" classname="org.springframework.core.io.PathResourceTests" time="0.039"/>
  <system-out><![CDATA[]]></system-out>
  <system-err><![CDATA[]]></system-err>
</testsuite>
