<?xml version="1.0" encoding="UTF-8"?>
<testsuite name="org.springframework.util.concurrent.FutureAdapterTests" tests="5" skipped="0" failures="0" errors="0" timestamp="2019-08-24T10:32:00" hostname="XULANLAN" time="0.122">
  <properties/>
  <testcase name="cancel" classname="org.springframework.util.concurrent.FutureAdapterTests" time="0.05"/>
  <testcase name="isDone" classname="org.springframework.util.concurrent.FutureAdapterTests" time="0.001"/>
  <testcase name="getTimeOut" classname="org.springframework.util.concurrent.FutureAdapterTests" time="0.064"/>
  <testcase name="get" classname="org.springframework.util.concurrent.FutureAdapterTests" time="0.003"/>
  <testcase name="isCancelled" classname="org.springframework.util.concurrent.FutureAdapterTests" time="0.002"/>
  <system-out><![CDATA[]]></system-out>
  <system-err><![CDATA[]]></system-err>
</testsuite>
