<?xml version="1.0" encoding="UTF-8"?>
<testsuite name="org.springframework.util.FileSystemUtilsTests" tests="2" skipped="0" failures="0" errors="0" timestamp="2019-08-23T15:10:40" hostname="XULANLAN" time="0.108">
  <properties/>
  <testcase name="deleteRecursively" classname="org.springframework.util.FileSystemUtilsTests" time="0.059"/>
  <testcase name="copyRecursively" classname="org.springframework.util.FileSystemUtilsTests" time="0.049"/>
  <system-out><![CDATA[]]></system-out>
  <system-err><![CDATA[]]></system-err>
</testsuite>
