<?xml version="1.0" encoding="UTF-8"?>
<testsuite name="org.springframework.core.ConventionsTests" tests="9" skipped="0" failures="0" errors="0" timestamp="2019-08-24T10:31:20" hostname="XULANLAN" time="0.821">
  <properties/>
  <testcase name="reactiveParameters" classname="org.springframework.core.ConventionsTests" time="0.723"/>
  <testcase name="simpleObject" classname="org.springframework.core.ConventionsTests" time="0.016"/>
  <testcase name="emptyList" classname="org.springframework.core.ConventionsTests" time="0.027"/>
  <testcase name="attributeNameToPropertyName" classname="org.springframework.core.ConventionsTests" time="0.002"/>
  <testcase name="getQualifiedAttributeName" classname="org.springframework.core.ConventionsTests" time="0.002"/>
  <testcase name="set" classname="org.springframework.core.ConventionsTests" time="0.005"/>
  <testcase name="list" classname="org.springframework.core.ConventionsTests" time="0.003"/>
  <testcase name="array" classname="org.springframework.core.ConventionsTests" time="0.001"/>
  <testcase name="reactiveReturnTypes" classname="org.springframework.core.ConventionsTests" time="0.012"/>
  <system-out><![CDATA[]]></system-out>
  <system-err><![CDATA[]]></system-err>
</testsuite>
