<?xml version="1.0" encoding="UTF-8"?>
<testsuite name="org.springframework.util.xml.XMLEventStreamWriterTests" tests="1" skipped="0" failures="0" errors="0" timestamp="2019-08-23T15:10:53" hostname="XULANLAN" time="0.007">
  <properties/>
  <testcase name="write" classname="org.springframework.util.xml.XMLEventStreamWriterTests" time="0.007"/>
  <system-out><![CDATA[]]></system-out>
  <system-err><![CDATA[]]></system-err>
</testsuite>
