<?xml version="1.0" encoding="UTF-8"?>
<testsuite name="org.springframework.util.xml.StaxResultTests" tests="2" skipped="0" failures="0" errors="0" timestamp="2019-08-23T15:10:52" hostname="XULANLAN" time="0.039">
  <properties/>
  <testcase name="eventWriterSource" classname="org.springframework.util.xml.StaxResultTests" time="0.021"/>
  <testcase name="streamWriterSource" classname="org.springframework.util.xml.StaxResultTests" time="0.018"/>
  <system-out><![CDATA[]]></system-out>
  <system-err><![CDATA[]]></system-err>
</testsuite>
