<?xml version="1.0" encoding="UTF-8"?>
<testsuite name="org.springframework.util.AutoPopulatingListTests" tests="5" skipped="0" failures="0" errors="0" timestamp="2019-08-24T10:31:56" hostname="XULANLAN" time="0.434">
  <properties/>
  <testcase name="withElementFactoryAndUserSuppliedBackingList" classname="org.springframework.util.AutoPopulatingListTests" time="0.024"/>
  <testcase name="withClassAndUserSuppliedBackingList" classname="org.springframework.util.AutoPopulatingListTests" time="0.344"/>
  <testcase name="withClass" classname="org.springframework.util.AutoPopulatingListTests" time="0.002"/>
  <testcase name="serialization" classname="org.springframework.util.AutoPopulatingListTests" time="0.056"/>
  <testcase name="withElementFactory" classname="org.springframework.util.AutoPopulatingListTests" time="0.002"/>
  <system-out><![CDATA[]]></system-out>
  <system-err><![CDATA[]]></system-err>
</testsuite>
