<?xml version="1.0" encoding="UTF-8"?>
<testsuite name="org.springframework.core.type.AssignableTypeFilterTests" tests="4" skipped="0" failures="0" errors="0" timestamp="2019-08-24T10:31:52" hostname="XULANLAN" time="0.657">
  <properties/>
  <testcase name="directMatch" classname="org.springframework.core.type.AssignableTypeFilterTests" time="0.117"/>
  <testcase name="interfaceThroughSuperClassMatch" classname="org.springframework.core.type.AssignableTypeFilterTests" time="0.521"/>
  <testcase name="superClassMatch" classname="org.springframework.core.type.AssignableTypeFilterTests" time="0.008"/>
  <testcase name="interfaceMatch" classname="org.springframework.core.type.AssignableTypeFilterTests" time="0.007"/>
  <system-out><![CDATA[]]></system-out>
  <system-err><![CDATA[]]></system-err>
</testsuite>
