<?xml version="1.0" encoding="UTF-8"?>
<testsuite name="org.springframework.core.GenericTypeResolverTests" tests="14" skipped="0" failures="0" errors="0" timestamp="2019-08-24T10:31:25" hostname="XULANLAN" time="0.045">
  <properties/>
  <testcase name="nullIfNotResolvable" classname="org.springframework.core.GenericTypeResolverTests" time="0.004"/>
  <testcase name="simpleCollectionSuperclassType" classname="org.springframework.core.GenericTypeResolverTests" time="0.011"/>
  <testcase name="getGenericsOnArrayFromReturnCannotBeResolved" classname="org.springframework.core.GenericTypeResolverTests" time="0.001"/>
  <testcase name="simpleCollectionInterfaceType" classname="org.springframework.core.GenericTypeResolverTests" time="0.003"/>
  <testcase name="getRawMapTypeCannotBeResolved" classname="org.springframework.core.GenericTypeResolverTests" time="0.0"/>
  <testcase name="simpleSuperclassType" classname="org.springframework.core.GenericTypeResolverTests" time="0.0"/>
  <testcase name="getGenericsOnArrayFromParamCannotBeResolved" classname="org.springframework.core.GenericTypeResolverTests" time="0.001"/>
  <testcase name="getGenericsCannotBeResolved" classname="org.springframework.core.GenericTypeResolverTests" time="0.0"/>
  <testcase name="testBoundParameterizedType" classname="org.springframework.core.GenericTypeResolverTests" time="0.0"/>
  <testcase name="methodReturnTypes" classname="org.springframework.core.GenericTypeResolverTests" time="0.001"/>
  <testcase name="testGetTypeVariableMap" classname="org.springframework.core.GenericTypeResolverTests" time="0.005"/>
  <testcase name="testResolveType" classname="org.springframework.core.GenericTypeResolverTests" time="0.012"/>
  <testcase name="resolveIncompleteTypeVariables" classname="org.springframework.core.GenericTypeResolverTests" time="0.0"/>
  <testcase name="simpleInterfaceType" classname="org.springframework.core.GenericTypeResolverTests" time="0.001"/>
  <system-out><![CDATA[]]></system-out>
  <system-err><![CDATA[]]></system-err>
</testsuite>
