<?xml version="1.0" encoding="UTF-8"?>
<testsuite name="org.springframework.core.annotation.ComposedRepeatableAnnotationsTests" tests="22" skipped="0" failures="0" errors="0" timestamp="2019-08-24T10:31:14" hostname="XULANLAN" time="0.367">
  <properties/>
  <testcase name="findNonRepeatableAnnotation" classname="org.springframework.core.annotation.ComposedRepeatableAnnotationsTests" time="0.006"/>
  <testcase name="getNoninheritedComposedRepeatableAnnotationsOnSuperclass" classname="org.springframework.core.annotation.ComposedRepeatableAnnotationsTests" time="0.065"/>
  <testcase name="getComposedRepeatableAnnotationsOnClass" classname="org.springframework.core.annotation.ComposedRepeatableAnnotationsTests" time="0.067"/>
  <testcase name="getRepeatableAnnotationsOnSuperclass" classname="org.springframework.core.annotation.ComposedRepeatableAnnotationsTests" time="0.026"/>
  <testcase name="getNonRepeatableAnnotation" classname="org.springframework.core.annotation.ComposedRepeatableAnnotationsTests" time="0.002"/>
  <testcase name="getComposedContainerForRepeatableAnnotationsOnClass" classname="org.springframework.core.annotation.ComposedRepeatableAnnotationsTests" time="0.041"/>
  <testcase name="getNoninheritedComposedRepeatableAnnotationsOnClass" classname="org.springframework.core.annotation.ComposedRepeatableAnnotationsTests" time="0.009"/>
  <testcase name="findRepeatableAnnotationsOnClass" classname="org.springframework.core.annotation.ComposedRepeatableAnnotationsTests" time="0.002"/>
  <testcase name="getRepeatableAnnotationsOnClass" classname="org.springframework.core.annotation.ComposedRepeatableAnnotationsTests" time="0.001"/>
  <testcase name="findInvalidRepeatableAnnotationContainerWithArrayValueAttributeButWrongComponentType" classname="org.springframework.core.annotation.ComposedRepeatableAnnotationsTests" time="0.031"/>
  <testcase name="getInvalidRepeatableAnnotationContainerMissingValueAttribute" classname="org.springframework.core.annotation.ComposedRepeatableAnnotationsTests" time="0.012"/>
  <testcase name="findComposedRepeatableAnnotationsMixedWithContainerOnClass" classname="org.springframework.core.annotation.ComposedRepeatableAnnotationsTests" time="0.015"/>
  <testcase name="findComposedContainerForRepeatableAnnotationsOnClass" classname="org.springframework.core.annotation.ComposedRepeatableAnnotationsTests" time="0.003"/>
  <testcase name="findNoninheritedComposedRepeatableAnnotationsOnClass" classname="org.springframework.core.annotation.ComposedRepeatableAnnotationsTests" time="0.002"/>
  <testcase name="findInvalidRepeatableAnnotationContainerMissingValueAttribute" classname="org.springframework.core.annotation.ComposedRepeatableAnnotationsTests" time="0.002"/>
  <testcase name="findComposedRepeatableAnnotationsOnClass" classname="org.springframework.core.annotation.ComposedRepeatableAnnotationsTests" time="0.002"/>
  <testcase name="getComposedRepeatableAnnotationsMixedWithContainerOnClass" classname="org.springframework.core.annotation.ComposedRepeatableAnnotationsTests" time="0.002"/>
  <testcase name="findRepeatableAnnotationsOnSuperclass" classname="org.springframework.core.annotation.ComposedRepeatableAnnotationsTests" time="0.001"/>
  <testcase name="getInvalidRepeatableAnnotationContainerWithNonArrayValueAttribute" classname="org.springframework.core.annotation.ComposedRepeatableAnnotationsTests" time="0.016"/>
  <testcase name="findNoninheritedComposedRepeatableAnnotationsOnSuperclass" classname="org.springframework.core.annotation.ComposedRepeatableAnnotationsTests" time="0.0"/>
  <testcase name="getInvalidRepeatableAnnotationContainerWithArrayValueAttributeButWrongComponentType" classname="org.springframework.core.annotation.ComposedRepeatableAnnotationsTests" time="0.002"/>
  <testcase name="findInvalidRepeatableAnnotationContainerWithNonArrayValueAttribute" classname="org.springframework.core.annotation.ComposedRepeatableAnnotationsTests" time="0.007"/>
  <system-out><![CDATA[]]></system-out>
  <system-err><![CDATA[]]></system-err>
</testsuite>
