<?xml version="1.0" encoding="UTF-8"?>
<testsuite name="org.springframework.core.codec.ResourceEncoderTests" tests="2" skipped="0" failures="0" errors="0" timestamp="2019-08-24T10:31:19" hostname="XULANLAN" time="0.034">
  <properties/>
  <testcase name="canEncode" classname="org.springframework.core.codec.ResourceEncoderTests" time="0.0"/>
  <testcase name="encode" classname="org.springframework.core.codec.ResourceEncoderTests" time="0.034"/>
  <system-out><![CDATA[]]></system-out>
  <system-err><![CDATA[]]></system-err>
</testsuite>
