<?xml version="1.0" encoding="UTF-8"?>
<testsuite name="org.springframework.util.DigestUtilsTests" tests="3" skipped="0" failures="0" errors="0" timestamp="2019-08-23T15:10:40" hostname="XULANLAN" time="0.028">
  <properties/>
  <testcase name="md5Hex" classname="org.springframework.util.DigestUtilsTests" time="0.027"/>
  <testcase name="md5" classname="org.springframework.util.DigestUtilsTests" time="0.001"/>
  <testcase name="md5StringBuilder" classname="org.springframework.util.DigestUtilsTests" time="0.0"/>
  <system-out><![CDATA[]]></system-out>
  <system-err><![CDATA[]]></system-err>
</testsuite>
