<?xml version="1.0" encoding="UTF-8"?>
<testsuite name="org.springframework.util.StopWatchTests" tests="5" skipped="0" failures="0" errors="0" timestamp="2019-08-23T15:10:41" hostname="XULANLAN" time="0.431">
  <properties/>
  <testcase name="failureToStartBeforeStop" classname="org.springframework.util.StopWatchTests" time="0.0"/>
  <testcase name="validUsageNotKeepingTaskList" classname="org.springframework.util.StopWatchTests" time="0.215"/>
  <testcase name="rejectsStartTwice" classname="org.springframework.util.StopWatchTests" time="0.0"/>
  <testcase name="validUsage" classname="org.springframework.util.StopWatchTests" time="0.213"/>
  <testcase name="failureToStartBeforeGettingTimings" classname="org.springframework.util.StopWatchTests" time="0.001"/>
  <system-out><![CDATA[]]></system-out>
  <system-err><![CDATA[]]></system-err>
</testsuite>
