<?xml version="1.0" encoding="UTF-8"?>
<testsuite name="org.springframework.core.codec.DataBufferDecoderTests" tests="3" skipped="0" failures="0" errors="0" timestamp="2019-08-23T15:10:14" hostname="XULANLAN" time="0.012">
  <properties/>
  <testcase name="canDecode" classname="org.springframework.core.codec.DataBufferDecoderTests" time="0.001"/>
  <testcase name="decodeToMono" classname="org.springframework.core.codec.DataBufferDecoderTests" time="0.006"/>
  <testcase name="decode" classname="org.springframework.core.codec.DataBufferDecoderTests" time="0.003"/>
  <system-out><![CDATA[]]></system-out>
  <system-err><![CDATA[]]></system-err>
</testsuite>
