<?xml version="1.0" encoding="UTF-8"?>
<testsuite name="org.springframework.core.codec.CharSequenceEncoderTests" tests="3" skipped="0" failures="0" errors="0" timestamp="2019-08-23T15:10:14" hostname="XULANLAN" time="0.067">
  <properties/>
  <testcase name="calculateCapacity" classname="org.springframework.core.codec.CharSequenceEncoderTests" time="0.014"/>
  <testcase name="encode" classname="org.springframework.core.codec.CharSequenceEncoderTests" time="0.052"/>
  <testcase name="canEncode" classname="org.springframework.core.codec.CharSequenceEncoderTests" time="0.001"/>
  <system-out><![CDATA[]]></system-out>
  <system-err><![CDATA[]]></system-err>
</testsuite>
