<?xml version="1.0" encoding="UTF-8"?>
<testsuite name="org.springframework.core.env.CustomEnvironmentTests" tests="4" skipped="0" failures="0" errors="0" timestamp="2019-08-23T15:10:18" hostname="XULANLAN" time="0.109">
  <properties/>
  <testcase name="withSingleCustomReservedDefaultProfile" classname="org.springframework.core.env.CustomEnvironmentTests" time="0.09"/>
  <testcase name="withNoReservedDefaultProfile" classname="org.springframework.core.env.CustomEnvironmentTests" time="0.003"/>
  <testcase name="control" classname="org.springframework.core.env.CustomEnvironmentTests" time="0.003"/>
  <testcase name="withMultiCustomReservedDefaultProfile" classname="org.springframework.core.env.CustomEnvironmentTests" time="0.013"/>
  <system-out><![CDATA[]]></system-out>
  <system-err><![CDATA[]]></system-err>
</testsuite>
