<?xml version="1.0" encoding="UTF-8"?>
<testsuite name="org.springframework.core.convert.support.StreamConverterTests" tests="9" skipped="0" failures="0" errors="0" timestamp="2019-08-23T15:10:17" hostname="XULANLAN" time="0.023">
  <properties/>
  <testcase name="shouldFailToConvertIfNoStream" classname="org.springframework.core.convert.support.StreamConverterTests" time="0.003"/>
  <testcase name="convertFromListToRawStream" classname="org.springframework.core.convert.support.StreamConverterTests" time="0.001"/>
  <testcase name="doesNotMatchIfNoStream" classname="org.springframework.core.convert.support.StreamConverterTests" time="0.0"/>
  <testcase name="convertFromStreamToArray" classname="org.springframework.core.convert.support.StreamConverterTests" time="0.002"/>
  <testcase name="convertFromStreamToList" classname="org.springframework.core.convert.support.StreamConverterTests" time="0.001"/>
  <testcase name="convertFromStreamToArrayNoConverter" classname="org.springframework.core.convert.support.StreamConverterTests" time="0.001"/>
  <testcase name="convertFromStreamToRawList" classname="org.springframework.core.convert.support.StreamConverterTests" time="0.0"/>
  <testcase name="convertFromArrayToStream" classname="org.springframework.core.convert.support.StreamConverterTests" time="0.008"/>
  <testcase name="convertFromListToStream" classname="org.springframework.core.convert.support.StreamConverterTests" time="0.001"/>
  <system-out><![CDATA[]]></system-out>
  <system-err><![CDATA[]]></system-err>
</testsuite>
