<?xml version="1.0" encoding="UTF-8"?>
<testsuite name="org.springframework.core.env.PropertyResolverExtensionsTests" tests="3" skipped="0" failures="0" errors="0" timestamp="2019-08-23T15:10:53" hostname="XULANLAN" time="0.122">
  <properties/>
  <testcase name="getProperty extension" classname="org.springframework.core.env.PropertyResolverExtensionsTests" time="0.109"/>
  <testcase name="get operator" classname="org.springframework.core.env.PropertyResolverExtensionsTests" time="0.012"/>
  <testcase name="getRequiredProperty extension" classname="org.springframework.core.env.PropertyResolverExtensionsTests" time="0.001"/>
  <system-out><![CDATA[]]></system-out>
  <system-err><![CDATA[]]></system-err>
</testsuite>
