<?xml version="1.0" encoding="UTF-8"?>
<testsuite name="org.springframework.util.xml.ListBasedXMLEventReaderTests" tests="3" skipped="0" failures="0" errors="0" timestamp="2019-08-24T10:32:08" hostname="XULANLAN" time="0.319">
  <properties/>
  <testcase name="testGetElementTextThrowsExceptionAtWrongPosition" classname="org.springframework.util.xml.ListBasedXMLEventReaderTests" time="0.237"/>
  <testcase name="testGetElementText" classname="org.springframework.util.xml.ListBasedXMLEventReaderTests" time="0.0"/>
  <testcase name="standard" classname="org.springframework.util.xml.ListBasedXMLEventReaderTests" time="0.066"/>
  <system-out><![CDATA[]]></system-out>
  <system-err><![CDATA[]]></system-err>
</testsuite>
